<?xml version="1.0" encoding="UTF-8"?>
<!-- Generated by org.testng.reporters.JUnitReportReporter -->
<testsuite hostname="IN2-NOINB-SAGA" failures="0" tests="1" name="Test.SigninTest" time="30.762" errors="0" timestamp="2022-11-17T17:50:53 IST" skipped="0">
  <testcase classname="Test.SigninTest" name="getSignme" time="30.762"/>
  <system-out/>
</testsuite> <!-- Test.SigninTest -->
